<?xml version="1.0" encoding="utf-8"?><testsuites><testsuite name="pytest" errors="0" failures="0" skipped="0" tests="83" time="40.403" timestamp="2021-10-29T00:06:07.542809" hostname="MacBook-Pro-de-Jean-Baptiste.local"><testcase classname="mne_features.tests.test_bivariate" name="test_time_corr" time="0.004" /><testcase classname="mne_features.tests.test_bivariate" name="test_shape_output_max_cross_corr" time="0.002" /><testcase classname="mne_features.tests.test_bivariate" name="test_shape_output_nonlin_interdep" time="0.153" /><testcase classname="mne_features.tests.test_bivariate" name="test_shape_output_phase_lock_val" time="0.002" /><testcase classname="mne_features.tests.test_bivariate" name="test_shape_output_spect_corr" time="0.004" /><testcase classname="mne_features.tests.test_feature_extraction" name="test_shape_output" time="0.149" /><testcase classname="mne_features.tests.test_feature_extraction" name="test_njobs" time="9.101" /><testcase classname="mne_features.tests.test_feature_extraction" name="test_optional_params" time="0.142" /><testcase classname="mne_features.tests.test_feature_extraction" name="test_optional_params_func_with_numba" time="0.006" /><testcase classname="mne_features.tests.test_feature_extraction" name="test_wrong_params" time="0.004" /><testcase classname="mne_features.tests.test_feature_extraction" name="test_featurefunctiontransformer" time="0.001" /><testcase classname="mne_features.tests.test_feature_extraction" name="test_feature_extractor" time="0.343" /><testcase classname="mne_features.tests.test_feature_extraction" name="test_gridsearch_feature_extractor" time="0.048" /><testcase classname="mne_features.tests.test_feature_extraction" name="test_memory_feature_extractor" time="0.031" /><testcase classname="mne_features.tests.test_feature_extraction" name="test_user_defined_feature_function" time="1.243" /><testcase classname="mne_features.tests.test_feature_extraction" name="test_channel_naming" time="0.146" /><testcase classname="mne_features.tests.test_feature_extraction" name="test_channel_naming_pow_freq_bands" time="0.025" /><testcase classname="mne_features.tests.test_feature_extraction" name="test_channel_naming_bivariate[True-max_cross_corr]" time="0.472" /><testcase classname="mne_features.tests.test_feature_extraction" name="test_channel_naming_bivariate[True-phase_lock_val]" time="0.215" /><testcase classname="mne_features.tests.test_feature_extraction" name="test_channel_naming_bivariate[True-nonlin_interdep]" time="10.712" /><testcase classname="mne_features.tests.test_feature_extraction" name="test_channel_naming_bivariate[False-max_cross_corr]" time="0.542" /><testcase classname="mne_features.tests.test_feature_extraction" name="test_channel_naming_bivariate[False-phase_lock_val]" time="0.246" /><testcase classname="mne_features.tests.test_feature_extraction" name="test_channel_naming_bivariate[False-nonlin_interdep]" time="9.594" /><testcase classname="mne_features.tests.test_feature_extraction" name="test_channel_naming_bivariate_eig[True-True-time_corr]" time="0.032" /><testcase classname="mne_features.tests.test_feature_extraction" name="test_channel_naming_bivariate_eig[True-True-spect_corr]" time="0.036" /><testcase classname="mne_features.tests.test_feature_extraction" name="test_channel_naming_bivariate_eig[True-False-time_corr]" time="0.030" /><testcase classname="mne_features.tests.test_feature_extraction" name="test_channel_naming_bivariate_eig[True-False-spect_corr]" time="0.034" /><testcase classname="mne_features.tests.test_feature_extraction" name="test_channel_naming_bivariate_eig[False-True-time_corr]" time="0.027" /><testcase classname="mne_features.tests.test_feature_extraction" name="test_channel_naming_bivariate_eig[False-True-spect_corr]" time="0.032" /><testcase classname="mne_features.tests.test_feature_extraction" name="test_channel_naming_bivariate_eig[False-False-time_corr]" time="0.029" /><testcase classname="mne_features.tests.test_feature_extraction" name="test_channel_naming_bivariate_eig[False-False-spect_corr]" time="0.031" /><testcase classname="mne_features.tests.test_univariate" name="test_slope_lstsq" time="0.001" /><testcase classname="mne_features.tests.test_univariate" name="test_accumulate_max" time="0.001" /><testcase classname="mne_features.tests.test_univariate" name="test_accumulate_min" time="0.001" /><testcase classname="mne_features.tests.test_univariate" name="test_accumulate_std" time="0.001" /><testcase classname="mne_features.tests.test_univariate" name="test_mean" time="0.001" /><testcase classname="mne_features.tests.test_univariate" name="test_variance" time="0.001" /><testcase classname="mne_features.tests.test_univariate" name="test_std" time="0.001" /><testcase classname="mne_features.tests.test_univariate" name="test_skewness" time="0.001" /><testcase classname="mne_features.tests.test_univariate" name="test_kurtosis" time="0.001" /><testcase classname="mne_features.tests.test_univariate" name="test_ptp_amp" time="0.001" /><testcase classname="mne_features.tests.test_univariate" name="test_rms" time="0.001" /><testcase classname="mne_features.tests.test_univariate" name="test_quantile" time="0.001" /><testcase classname="mne_features.tests.test_univariate" name="test_line_length" time="0.001" /><testcase classname="mne_features.tests.test_univariate" name="test_zero_crossings" time="0.001" /><testcase classname="mne_features.tests.test_univariate" name="test_hurst_exp" time="0.083" /><testcase classname="mne_features.tests.test_univariate" name="test_app_entropy" time="0.002" /><testcase classname="mne_features.tests.test_univariate" name="test_samp_entropy" time="0.002" /><testcase classname="mne_features.tests.test_univariate" name="test_decorr_time" time="0.004" /><testcase classname="mne_features.tests.test_univariate" name="test_freq_bands_helper" time="0.001" /><testcase classname="mne_features.tests.test_univariate" name="test_pow_freq_bands_norm" time="0.001" /><testcase classname="mne_features.tests.test_univariate" name="test_pow_freq_bands_no_norm" time="0.001" /><testcase classname="mne_features.tests.test_univariate" name="test_pow_freq_bands_norm_log" time="0.001" /><testcase classname="mne_features.tests.test_univariate" name="test_pow_freq_bands_no_norm_log" time="0.001" /><testcase classname="mne_features.tests.test_univariate" name="test_pow_freq_bands_ratios" time="0.002" /><testcase classname="mne_features.tests.test_univariate" name="test_pow_freq_bands_log_ratios" time="0.001" /><testcase classname="mne_features.tests.test_univariate" name="test_generic_features_names" time="0.290" /><testcase classname="mne_features.tests.test_univariate" name="test_feature_names_quantile" time="0.007" /><testcase classname="mne_features.tests.test_univariate" name="test_feature_names_spect_edge_freq" time="0.032" /><testcase classname="mne_features.tests.test_univariate" name="test_feature_names_spect_slope" time="0.025" /><testcase classname="mne_features.tests.test_univariate" name="test_feature_names_wavelet_coef_energy" time="0.010" /><testcase classname="mne_features.tests.test_univariate" name="test_feature_names_teager_kaiser_energy" time="0.012" /><testcase classname="mne_features.tests.test_univariate" name="test_feature_names_pow_freq_bands" time="0.099" /><testcase classname="mne_features.tests.test_univariate" name="test_hjorth_mobility_spect" time="0.001" /><testcase classname="mne_features.tests.test_univariate" name="test_hjorth_complexity_spect" time="0.001" /><testcase classname="mne_features.tests.test_univariate" name="test_hjorth_mobility" time="0.001" /><testcase classname="mne_features.tests.test_univariate" name="test_hjorth_complexity" time="0.001" /><testcase classname="mne_features.tests.test_univariate" name="test_higuchi_fd" time="0.019" /><testcase classname="mne_features.tests.test_univariate" name="test_katz_fd" time="0.001" /><testcase classname="mne_features.tests.test_univariate" name="test_energy_freq_bands" time="0.006" /><testcase classname="mne_features.tests.test_univariate" name="test_feature_names_energy_freq_bands" time="0.101" /><testcase classname="mne_features.tests.test_univariate" name="test_spect_slope" time="0.001" /><testcase classname="mne_features.tests.test_univariate" name="test_spect_entropy" time="0.001" /><testcase classname="mne_features.tests.test_univariate" name="test_spect_edge_freq" time="0.001" /><testcase classname="mne_features.tests.test_univariate" name="test_svd_entropy" time="0.035" /><testcase classname="mne_features.tests.test_univariate" name="test_svd_fisher_info" time="0.024" /><testcase classname="mne_features.tests.test_univariate" name="test_shape_output_wavelet_coef_energy" time="0.001" /><testcase classname="mne_features.tests.test_univariate" name="test_shape_output_teager_kaiser_energy" time="0.001" /><testcase classname="mne_features.tests.test_utils" name="test_psd" time="0.004" /><testcase classname="mne_features.tests.test_utils" name="test_idxiter" time="0.002" /><testcase classname="mne_features.tests.test_utils" name="test_embed" time="0.001" /><testcase classname="mne_features.tests.test_utils" name="test_filt" time="0.010" /><testcase classname="mne_features.tests.test_utils" name="test_psd_params_checker" time="0.001" /></testsuite></testsuites>